...found 9 targets...
...updating 4 targets...
darwin.compile.c++ libs/config/checks/architecture/bin/darwin-4.2.1/debug/32.o
libs/config/checks/architecture/32.cpp:9:10: error: 'test' declared as an array with a negative size
int test[sizeof(void*) == 4? 1 : -1];
         ^~~~~~~~~~~~~~~~~~~~~~~~~~
1 error generated.

    "g++"   -fPIC -O0 -fno-inline -Wall -g -dynamic -gdwarf-2 -fexceptions     -c -o "libs/config/checks/architecture/bin/darwin-4.2.1/debug/32.o" "libs/config/checks/architecture/32.cpp"

...failed darwin.compile.c++ libs/config/checks/architecture/bin/darwin-4.2.1/debug/32.o...
...failed updating 1 target...
...updated 3 targets...
...found 2 targets...
...updating 1 target...
darwin.compile.c++ libs/config/checks/architecture/bin/darwin-4.2.1/debug/64.o
...updated 1 target...
...found 2 targets...
...updating 1 target...
darwin.compile.c++ libs/config/checks/architecture/bin/darwin-4.2.1/debug/arm.o
libs/config/checks/architecture/arm.cpp:13:2: error: "Not ARM"
#error "Not ARM"
 ^
1 error generated.

    "g++"   -fPIC -O0 -fno-inline -Wall -g -dynamic -gdwarf-2 -fexceptions     -c -o "libs/config/checks/architecture/bin/darwin-4.2.1/debug/arm.o" "libs/config/checks/architecture/arm.cpp"

...failed darwin.compile.c++ libs/config/checks/architecture/bin/darwin-4.2.1/debug/arm.o...
...failed updating 1 target...
...found 2 targets...
...updating 1 target...
darwin.compile.c++ libs/config/checks/architecture/bin/darwin-4.2.1/debug/mips1.o
libs/config/checks/architecture/mips1.cpp:10:2: error: "Not MIPS1"
#error "Not MIPS1"
 ^
1 error generated.

    "g++"   -fPIC -O0 -fno-inline -Wall -g -dynamic -gdwarf-2 -fexceptions     -c -o "libs/config/checks/architecture/bin/darwin-4.2.1/debug/mips1.o" "libs/config/checks/architecture/mips1.cpp"

...failed darwin.compile.c++ libs/config/checks/architecture/bin/darwin-4.2.1/debug/mips1.o...
...failed updating 1 target...
...found 2 targets...
...updating 1 target...
darwin.compile.c++ libs/config/checks/architecture/bin/darwin-4.2.1/debug/power.o
libs/config/checks/architecture/power.cpp:13:2: error: "Not PPC"
#error "Not PPC"
 ^
1 error generated.

    "g++"   -fPIC -O0 -fno-inline -Wall -g -dynamic -gdwarf-2 -fexceptions     -c -o "libs/config/checks/architecture/bin/darwin-4.2.1/debug/power.o" "libs/config/checks/architecture/power.cpp"

...failed darwin.compile.c++ libs/config/checks/architecture/bin/darwin-4.2.1/debug/power.o...
...failed updating 1 target...
...found 2 targets...
...updating 1 target...
darwin.compile.c++ libs/config/checks/architecture/bin/darwin-4.2.1/debug/sparc.o
libs/config/checks/architecture/sparc.cpp:10:2: error: "Not SPARC"
#error "Not SPARC"
 ^
1 error generated.

    "g++"   -fPIC -O0 -fno-inline -Wall -g -dynamic -gdwarf-2 -fexceptions     -c -o "libs/config/checks/architecture/bin/darwin-4.2.1/debug/sparc.o" "libs/config/checks/architecture/sparc.cpp"

...failed darwin.compile.c++ libs/config/checks/architecture/bin/darwin-4.2.1/debug/sparc.o...
...failed updating 1 target...
...found 2 targets...
...updating 1 target...
darwin.compile.c++ libs/config/checks/architecture/bin/darwin-4.2.1/debug/x86.o
...updated 1 target...
...found 107 targets...
...updating 9 targets...
darwin.compile.c++ bin.v2/libs/context/build/darwin-4.2.1/debug/threading-multi/visibility-hidden/cxx11_hdr_mutex_check.o
libs/context/src/../build/cxx11_hdr_mutex.cpp:9:2: error: "C++11 <mutex> is not available."
#error "C++11 <mutex> is not available."
 ^
1 error generated.

    "g++"   -fvisibility-inlines-hidden -fPIC -m64 -O0 -fno-inline -Wall -g -fvisibility=hidden -dynamic -gdwarf-2 -fexceptions  -DBOOST_ALL_NO_LIB=1 -DBOOST_CONTEXT_DYN_LINK=1 -DBOOST_CONTEXT_SOURCE  -I"." -c -o "bin.v2/libs/context/build/darwin-4.2.1/debug/threading-multi/visibility-hidden/cxx11_hdr_mutex_check.o" "libs/context/src/../build/cxx11_hdr_mutex.cpp"

...failed darwin.compile.c++ bin.v2/libs/context/build/darwin-4.2.1/debug/threading-multi/visibility-hidden/cxx11_hdr_mutex_check.o...
...failed updating 1 target...
...updated 8 targets...
...patience...
...found 125 targets...
...updating 8 targets...
darwin.compile.c++ bin.v2/libs/thread/build/darwin-4.2.1/debug/threading-multi/visibility-hidden/has_atomic_flag_lockfree_test.o
darwin.link bin.v2/libs/thread/build/darwin-4.2.1/debug/threading-multi/visibility-hidden/has_atomic_flag_lockfree
...updated 8 targets...
...found 8 targets...
...updating 7 targets...
darwin.compile.c++ bin.v2/libs/config/checks/darwin-4.2.1/debug/threading-multi/visibility-hidden/cxx11_auto_declarations.o
/Users/mac/Documents/GitHub/AlgorithmLearn/boost_1_70_0/libs/config/checks/test_case.cpp:216:7: error: "Defect macro BOOST_NO_CXX11_AUTO_DECLARATIONS is defined."
#     error "Defect macro BOOST_NO_CXX11_AUTO_DECLARATIONS is defined."
      ^
1 error generated.

    "g++"   -fvisibility-inlines-hidden -fPIC -m64 -O0 -fno-inline -Wall -g -fvisibility=hidden -dynamic -gdwarf-2 -fexceptions  -DBOOST_ALL_NO_LIB=1 -DTEST_BOOST_NO_CXX11_AUTO_DECLARATIONS  -I"." -c -o "bin.v2/libs/config/checks/darwin-4.2.1/debug/threading-multi/visibility-hidden/cxx11_auto_declarations.o" "/Users/mac/Documents/GitHub/AlgorithmLearn/boost_1_70_0/libs/config/checks/test_case.cpp"

...failed darwin.compile.c++ bin.v2/libs/config/checks/darwin-4.2.1/debug/threading-multi/visibility-hidden/cxx11_auto_declarations.o...
...failed updating 1 target...
...updated 6 targets...
...found 1 target...
...updating 1 target...
darwin.compile.c++ bin.v2/libs/config/checks/darwin-4.2.1/debug/threading-multi/visibility-hidden/cxx11_constexpr.o
/Users/mac/Documents/GitHub/AlgorithmLearn/boost_1_70_0/libs/config/checks/test_case.cpp:251:7: error: "Defect macro BOOST_NO_CXX11_CONSTEXPR is defined."
#     error "Defect macro BOOST_NO_CXX11_CONSTEXPR is defined."
      ^
1 error generated.

    "g++"   -fvisibility-inlines-hidden -fPIC -m64 -O0 -fno-inline -Wall -g -fvisibility=hidden -dynamic -gdwarf-2 -fexceptions  -DBOOST_ALL_NO_LIB=1 -DTEST_BOOST_NO_CXX11_CONSTEXPR  -I"." -c -o "bin.v2/libs/config/checks/darwin-4.2.1/debug/threading-multi/visibility-hidden/cxx11_constexpr.o" "/Users/mac/Documents/GitHub/AlgorithmLearn/boost_1_70_0/libs/config/checks/test_case.cpp"

...failed darwin.compile.c++ bin.v2/libs/config/checks/darwin-4.2.1/debug/threading-multi/visibility-hidden/cxx11_constexpr.o...
...failed updating 1 target...
...found 1 target...
...updating 1 target...
darwin.compile.c++ bin.v2/libs/config/checks/darwin-4.2.1/debug/threading-multi/visibility-hidden/cxx11_defaulted_functions.o
/Users/mac/Documents/GitHub/AlgorithmLearn/boost_1_70_0/libs/config/checks/test_case.cpp:596:7: error: "Defect macro BOOST_NO_CXX11_DEFAULTED_FUNCTIONS is defined."
#     error "Defect macro BOOST_NO_CXX11_DEFAULTED_FUNCTIONS is defined."
      ^
1 error generated.

    "g++"   -fvisibility-inlines-hidden -fPIC -m64 -O0 -fno-inline -Wall -g -fvisibility=hidden -dynamic -gdwarf-2 -fexceptions  -DBOOST_ALL_NO_LIB=1 -DTEST_BOOST_NO_CXX11_DEFAULTED_FUNCTIONS  -I"." -c -o "bin.v2/libs/config/checks/darwin-4.2.1/debug/threading-multi/visibility-hidden/cxx11_defaulted_functions.o" "/Users/mac/Documents/GitHub/AlgorithmLearn/boost_1_70_0/libs/config/checks/test_case.cpp"

...failed darwin.compile.c++ bin.v2/libs/config/checks/darwin-4.2.1/debug/threading-multi/visibility-hidden/cxx11_defaulted_functions.o...
...failed updating 1 target...
...found 1 target...
...updating 1 target...
darwin.compile.c++ bin.v2/libs/config/checks/darwin-4.2.1/debug/threading-multi/visibility-hidden/cxx11_final.o
/Users/mac/Documents/GitHub/AlgorithmLearn/boost_1_70_0/libs/config/checks/test_case.cpp:306:7: error: "Defect macro BOOST_NO_CXX11_FINAL is defined."
#     error "Defect macro BOOST_NO_CXX11_FINAL is defined."
      ^
1 error generated.

    "g++"   -fvisibility-inlines-hidden -fPIC -m64 -O0 -fno-inline -Wall -g -fvisibility=hidden -dynamic -gdwarf-2 -fexceptions  -DBOOST_ALL_NO_LIB=1 -DTEST_BOOST_NO_CXX11_FINAL  -I"." -c -o "bin.v2/libs/config/checks/darwin-4.2.1/debug/threading-multi/visibility-hidden/cxx11_final.o" "/Users/mac/Documents/GitHub/AlgorithmLearn/boost_1_70_0/libs/config/checks/test_case.cpp"

...failed darwin.compile.c++ bin.v2/libs/config/checks/darwin-4.2.1/debug/threading-multi/visibility-hidden/cxx11_final.o...
...failed updating 1 target...
...found 1 target...
...updating 1 target...
darwin.compile.c++ bin.v2/libs/config/checks/darwin-4.2.1/debug/threading-multi/visibility-hidden/cxx11_hdr_mutex.o
/Users/mac/Documents/GitHub/AlgorithmLearn/boost_1_70_0/libs/config/checks/test_case.cpp:351:7: error: "Defect macro BOOST_NO_CXX11_HDR_MUTEX is defined."
#     error "Defect macro BOOST_NO_CXX11_HDR_MUTEX is defined."
      ^
1 error generated.

    "g++"   -fvisibility-inlines-hidden -fPIC -m64 -O0 -fno-inline -Wall -g -fvisibility=hidden -dynamic -gdwarf-2 -fexceptions  -DBOOST_ALL_NO_LIB=1 -DTEST_BOOST_NO_CXX11_HDR_MUTEX  -I"." -c -o "bin.v2/libs/config/checks/darwin-4.2.1/debug/threading-multi/visibility-hidden/cxx11_hdr_mutex.o" "/Users/mac/Documents/GitHub/AlgorithmLearn/boost_1_70_0/libs/config/checks/test_case.cpp"

...failed darwin.compile.c++ bin.v2/libs/config/checks/darwin-4.2.1/debug/threading-multi/visibility-hidden/cxx11_hdr_mutex.o...
...failed updating 1 target...
...found 1 target...
...updating 1 target...
darwin.compile.c++ bin.v2/libs/config/checks/darwin-4.2.1/debug/threading-multi/visibility-hidden/cxx11_hdr_tuple.o
/Users/mac/Documents/GitHub/AlgorithmLearn/boost_1_70_0/libs/config/checks/test_case.cpp:381:7: error: "Defect macro BOOST_NO_CXX11_HDR_TUPLE is defined."
#     error "Defect macro BOOST_NO_CXX11_HDR_TUPLE is defined."
      ^
1 error generated.

    "g++"   -fvisibility-inlines-hidden -fPIC -m64 -O0 -fno-inline -Wall -g -fvisibility=hidden -dynamic -gdwarf-2 -fexceptions  -DBOOST_ALL_NO_LIB=1 -DTEST_BOOST_NO_CXX11_HDR_TUPLE  -I"." -c -o "bin.v2/libs/config/checks/darwin-4.2.1/debug/threading-multi/visibility-hidden/cxx11_hdr_tuple.o" "/Users/mac/Documents/GitHub/AlgorithmLearn/boost_1_70_0/libs/config/checks/test_case.cpp"

...failed darwin.compile.c++ bin.v2/libs/config/checks/darwin-4.2.1/debug/threading-multi/visibility-hidden/cxx11_hdr_tuple.o...
...failed updating 1 target...
...found 1 target...
...updating 1 target...
darwin.compile.c++ bin.v2/libs/config/checks/darwin-4.2.1/debug/threading-multi/visibility-hidden/cxx11_lambdas.o
/Users/mac/Documents/GitHub/AlgorithmLearn/boost_1_70_0/libs/config/checks/test_case.cpp:701:7: error: "Defect macro BOOST_NO_CXX11_LAMBDAS is defined."
#     error "Defect macro BOOST_NO_CXX11_LAMBDAS is defined."
      ^
1 error generated.

    "g++"   -fvisibility-inlines-hidden -fPIC -m64 -O0 -fno-inline -Wall -g -fvisibility=hidden -dynamic -gdwarf-2 -fexceptions  -DBOOST_ALL_NO_LIB=1 -DTEST_BOOST_NO_CXX11_LAMBDAS  -I"." -c -o "bin.v2/libs/config/checks/darwin-4.2.1/debug/threading-multi/visibility-hidden/cxx11_lambdas.o" "/Users/mac/Documents/GitHub/AlgorithmLearn/boost_1_70_0/libs/config/checks/test_case.cpp"

...failed darwin.compile.c++ bin.v2/libs/config/checks/darwin-4.2.1/debug/threading-multi/visibility-hidden/cxx11_lambdas.o...
...failed updating 1 target...
...found 1 target...
...updating 1 target...
darwin.compile.c++ bin.v2/libs/config/checks/darwin-4.2.1/debug/threading-multi/visibility-hidden/cxx11_noexcept.o
/Users/mac/Documents/GitHub/AlgorithmLearn/boost_1_70_0/libs/config/checks/test_case.cpp:756:7: error: "Defect macro BOOST_NO_CXX11_NOEXCEPT is defined."
#     error "Defect macro BOOST_NO_CXX11_NOEXCEPT is defined."
      ^
1 error generated.

    "g++"   -fvisibility-inlines-hidden -fPIC -m64 -O0 -fno-inline -Wall -g -fvisibility=hidden -dynamic -gdwarf-2 -fexceptions  -DBOOST_ALL_NO_LIB=1 -DTEST_BOOST_NO_CXX11_NOEXCEPT  -I"." -c -o "bin.v2/libs/config/checks/darwin-4.2.1/debug/threading-multi/visibility-hidden/cxx11_noexcept.o" "/Users/mac/Documents/GitHub/AlgorithmLearn/boost_1_70_0/libs/config/checks/test_case.cpp"

...failed darwin.compile.c++ bin.v2/libs/config/checks/darwin-4.2.1/debug/threading-multi/visibility-hidden/cxx11_noexcept.o...
...failed updating 1 target...
...found 1 target...
...updating 1 target...
darwin.compile.c++ bin.v2/libs/config/checks/darwin-4.2.1/debug/threading-multi/visibility-hidden/cxx11_nullptr.o
/Users/mac/Documents/GitHub/AlgorithmLearn/boost_1_70_0/libs/config/checks/test_case.cpp:761:7: error: "Defect macro BOOST_NO_CXX11_NULLPTR is defined."
#     error "Defect macro BOOST_NO_CXX11_NULLPTR is defined."
      ^
1 error generated.

    "g++"   -fvisibility-inlines-hidden -fPIC -m64 -O0 -fno-inline -Wall -g -fvisibility=hidden -dynamic -gdwarf-2 -fexceptions  -DBOOST_ALL_NO_LIB=1 -DTEST_BOOST_NO_CXX11_NULLPTR  -I"." -c -o "bin.v2/libs/config/checks/darwin-4.2.1/debug/threading-multi/visibility-hidden/cxx11_nullptr.o" "/Users/mac/Documents/GitHub/AlgorithmLearn/boost_1_70_0/libs/config/checks/test_case.cpp"

...failed darwin.compile.c++ bin.v2/libs/config/checks/darwin-4.2.1/debug/threading-multi/visibility-hidden/cxx11_nullptr.o...
...failed updating 1 target...
...found 1 target...
...updating 1 target...
darwin.compile.c++ bin.v2/libs/config/checks/darwin-4.2.1/debug/threading-multi/visibility-hidden/cxx11_rvalue_references.o
/Users/mac/Documents/GitHub/AlgorithmLearn/boost_1_70_0/libs/config/checks/test_case.cpp:816:7: error: "Defect macro BOOST_NO_CXX11_RVALUE_REFERENCES is defined."
#     error "Defect macro BOOST_NO_CXX11_RVALUE_REFERENCES is defined."
      ^
1 error generated.

    "g++"   -fvisibility-inlines-hidden -fPIC -m64 -O0 -fno-inline -Wall -g -fvisibility=hidden -dynamic -gdwarf-2 -fexceptions  -DBOOST_ALL_NO_LIB=1 -DTEST_BOOST_NO_CXX11_RVALUE_REFERENCES  -I"." -c -o "bin.v2/libs/config/checks/darwin-4.2.1/debug/threading-multi/visibility-hidden/cxx11_rvalue_references.o" "/Users/mac/Documents/GitHub/AlgorithmLearn/boost_1_70_0/libs/config/checks/test_case.cpp"

...failed darwin.compile.c++ bin.v2/libs/config/checks/darwin-4.2.1/debug/threading-multi/visibility-hidden/cxx11_rvalue_references.o...
...failed updating 1 target...
...found 1 target...
...updating 1 target...
darwin.compile.c++ bin.v2/libs/config/checks/darwin-4.2.1/debug/threading-multi/visibility-hidden/cxx11_template_aliases.o
/Users/mac/Documents/GitHub/AlgorithmLearn/boost_1_70_0/libs/config/checks/test_case.cpp:921:7: error: "Defect macro BOOST_NO_CXX11_TEMPLATE_ALIASES is defined."
#     error "Defect macro BOOST_NO_CXX11_TEMPLATE_ALIASES is defined."
      ^
1 error generated.

    "g++"   -fvisibility-inlines-hidden -fPIC -m64 -O0 -fno-inline -Wall -g -fvisibility=hidden -dynamic -gdwarf-2 -fexceptions  -DBOOST_ALL_NO_LIB=1 -DTEST_BOOST_NO_CXX11_TEMPLATE_ALIASES  -I"." -c -o "bin.v2/libs/config/checks/darwin-4.2.1/debug/threading-multi/visibility-hidden/cxx11_template_aliases.o" "/Users/mac/Documents/GitHub/AlgorithmLearn/boost_1_70_0/libs/config/checks/test_case.cpp"

...failed darwin.compile.c++ bin.v2/libs/config/checks/darwin-4.2.1/debug/threading-multi/visibility-hidden/cxx11_template_aliases.o...
...failed updating 1 target...
...found 1 target...
...updating 1 target...
darwin.compile.c++ bin.v2/libs/config/checks/darwin-4.2.1/debug/threading-multi/visibility-hidden/cxx11_thread_local.o
/Users/mac/Documents/GitHub/AlgorithmLearn/boost_1_70_0/libs/config/checks/test_case.cpp:446:7: error: "Defect macro BOOST_NO_CXX11_THREAD_LOCAL is defined."
#     error "Defect macro BOOST_NO_CXX11_THREAD_LOCAL is defined."
      ^
1 error generated.

    "g++"   -fvisibility-inlines-hidden -fPIC -m64 -O0 -fno-inline -Wall -g -fvisibility=hidden -dynamic -gdwarf-2 -fexceptions  -DBOOST_ALL_NO_LIB=1 -DTEST_BOOST_NO_CXX11_THREAD_LOCAL  -I"." -c -o "bin.v2/libs/config/checks/darwin-4.2.1/debug/threading-multi/visibility-hidden/cxx11_thread_local.o" "/Users/mac/Documents/GitHub/AlgorithmLearn/boost_1_70_0/libs/config/checks/test_case.cpp"

...failed darwin.compile.c++ bin.v2/libs/config/checks/darwin-4.2.1/debug/threading-multi/visibility-hidden/cxx11_thread_local.o...
...failed updating 1 target...
...found 1 target...
...updating 1 target...
darwin.compile.c++ bin.v2/libs/config/checks/darwin-4.2.1/debug/threading-multi/visibility-hidden/cxx11_variadic_templates.o
/Users/mac/Documents/GitHub/AlgorithmLearn/boost_1_70_0/libs/config/checks/test_case.cpp:981:7: error: "Defect macro BOOST_NO_CXX11_VARIADIC_TEMPLATES is defined."
#     error "Defect macro BOOST_NO_CXX11_VARIADIC_TEMPLATES is defined."
      ^
1 error generated.

    "g++"   -fvisibility-inlines-hidden -fPIC -m64 -O0 -fno-inline -Wall -g -fvisibility=hidden -dynamic -gdwarf-2 -fexceptions  -DBOOST_ALL_NO_LIB=1 -DTEST_BOOST_NO_CXX11_VARIADIC_TEMPLATES  -I"." -c -o "bin.v2/libs/config/checks/darwin-4.2.1/debug/threading-multi/visibility-hidden/cxx11_variadic_templates.o" "/Users/mac/Documents/GitHub/AlgorithmLearn/boost_1_70_0/libs/config/checks/test_case.cpp"

...failed darwin.compile.c++ bin.v2/libs/config/checks/darwin-4.2.1/debug/threading-multi/visibility-hidden/cxx11_variadic_templates.o...
...failed updating 1 target...
...found 25 targets...
...updating 9 targets...
darwin.compile.c++ bin.v2/libs/regex/build/darwin-4.2.1/debug/threading-multi/visibility-hidden/has_icu_test.o
libs/regex/build/has_icu_test.cpp:12:10: fatal error: 'unicode/uversion.h' file not found
#include <unicode/uversion.h>
         ^~~~~~~~~~~~~~~~~~~~
1 error generated.

    "g++"   -fvisibility-inlines-hidden -fPIC -m64 -O0 -fno-inline -Wall -g -fvisibility=hidden -dynamic -gdwarf-2 -fexceptions -Wno-long-long  -DBOOST_ALL_NO_LIB=1 -DBOOST_HAS_ICU=1  -I"." -c -o "bin.v2/libs/regex/build/darwin-4.2.1/debug/threading-multi/visibility-hidden/has_icu_test.o" "libs/regex/build/has_icu_test.cpp"

...failed darwin.compile.c++ bin.v2/libs/regex/build/darwin-4.2.1/debug/threading-multi/visibility-hidden/has_icu_test.o...
...skipped <pbin.v2/libs/regex/build/darwin-4.2.1/debug/threading-multi/visibility-hidden>has_icu for lack of <pbin.v2/libs/regex/build/darwin-4.2.1/debug/threading-multi/visibility-hidden>has_icu_test.o...
...skipped <pbin.v2/libs/regex/build/darwin-4.2.1/debug/threading-multi/visibility-hidden>has_icu.passed for lack of <pbin.v2/libs/regex/build/darwin-4.2.1/debug/threading-multi/visibility-hidden>has_icu...
...failed updating 1 target...
...skipped 2 targets...
...updated 6 targets...
...found 10 targets...
...updating 8 targets...
darwin.compile.c++ bin.v2/standalone/ac/darwin-4.2.1/release/threading-multi/visibility-hidden/zlib_h.o
...updated 8 targets...
...found 5 targets...
...updating 3 targets...
darwin.compile.c++ bin.v2/standalone/ac/darwin-4.2.1/release/threading-multi/visibility-hidden/main-z.o
darwin.link bin.v2/standalone/ac/darwin-4.2.1/release/threading-multi/visibility-hidden/z
...updated 3 targets...
...found 4 targets...
...updating 2 targets...
darwin.compile.c++ bin.v2/standalone/ac/darwin-4.2.1/release/threading-multi/visibility-hidden/bzlib_h.o
...updated 2 targets...
...found 5 targets...
...updating 3 targets...
darwin.compile.c++ bin.v2/standalone/ac/darwin-4.2.1/release/threading-multi/visibility-hidden/main-bz2.o
darwin.link bin.v2/standalone/ac/darwin-4.2.1/release/threading-multi/visibility-hidden/bz2
...updated 3 targets...
...found 4 targets...
...updating 2 targets...
darwin.compile.c++ bin.v2/standalone/ac/darwin-4.2.1/release/threading-multi/visibility-hidden/lzma_h.o
...updated 2 targets...
...found 5 targets...
...updating 3 targets...
darwin.compile.c++ bin.v2/standalone/ac/darwin-4.2.1/release/threading-multi/visibility-hidden/main-lzma.o
darwin.link bin.v2/standalone/ac/darwin-4.2.1/release/threading-multi/visibility-hidden/lzma
...updated 3 targets...
...found 4 targets...
...updating 2 targets...
darwin.compile.c++ bin.v2/standalone/ac/darwin-4.2.1/release/threading-multi/visibility-hidden/zstd_h.o
bin.v2/standalone/ac/zstd_h.cpp:1:10: fatal error: 'zstd.h' file not found
#include <zstd.h>
         ^~~~~~~~
1 error generated.

    "g++"   -fvisibility-inlines-hidden -fPIC -m64 -O3 -Wall -fvisibility=hidden -dynamic -gdwarf-2 -fexceptions -Wno-inline  -DNDEBUG   -c -o "bin.v2/standalone/ac/darwin-4.2.1/release/threading-multi/visibility-hidden/zstd_h.o" "bin.v2/standalone/ac/zstd_h.cpp"

...failed darwin.compile.c++ bin.v2/standalone/ac/darwin-4.2.1/release/threading-multi/visibility-hidden/zstd_h.o...
...failed updating 1 target...
...updated 1 target...
...found 5 targets...
...updating 3 targets...
darwin.compile.c++ bin.v2/standalone/ac/darwin-4.2.1/release/threading-multi/visibility-hidden/main-zstd.o
darwin.link bin.v2/standalone/ac/darwin-4.2.1/release/threading-multi/visibility-hidden/zstd
ld: library not found for -lzstd
clang: error: linker command failed with exit code 1 (use -v to see invocation)

    "g++"  -o "bin.v2/standalone/ac/darwin-4.2.1/release/threading-multi/visibility-hidden/zstd" "bin.v2/standalone/ac/darwin-4.2.1/release/threading-multi/visibility-hidden/main-zstd.o"   -lzstd    -fPIC -m64 -fvisibility=hidden -fvisibility-inlines-hidden -Wl,-dead_strip -no_dead_strip_inits_and_terms -arch x86_64 
       

...failed darwin.link bin.v2/standalone/ac/darwin-4.2.1/release/threading-multi/visibility-hidden/zstd...
...failed updating 1 target...
...updated 2 targets...
...found 5 targets...
...updating 3 targets...
darwin.compile.c++ bin.v2/standalone/ac/darwin-4.2.1/release/threading-multi/visibility-hidden/main-zstd_static.o
darwin.link bin.v2/standalone/ac/darwin-4.2.1/release/threading-multi/visibility-hidden/zstd_static
ld: library not found for -lzstd_static
clang: error: linker command failed with exit code 1 (use -v to see invocation)

    "g++"  -o "bin.v2/standalone/ac/darwin-4.2.1/release/threading-multi/visibility-hidden/zstd_static" "bin.v2/standalone/ac/darwin-4.2.1/release/threading-multi/visibility-hidden/main-zstd_static.o"   -lzstd_static    -fPIC -m64 -fvisibility=hidden -fvisibility-inlines-hidden -Wl,-dead_strip -no_dead_strip_inits_and_terms -arch x86_64 
       

...failed darwin.link bin.v2/standalone/ac/darwin-4.2.1/release/threading-multi/visibility-hidden/zstd_static...
...failed updating 1 target...
...updated 2 targets...
...found 5 targets...
...updating 3 targets...
darwin.compile.c++ bin.v2/standalone/ac/darwin-4.2.1/release/threading-multi/visibility-hidden/main-libzstd.o
darwin.link bin.v2/standalone/ac/darwin-4.2.1/release/threading-multi/visibility-hidden/libzstd
ld: library not found for -llibzstd
clang: error: linker command failed with exit code 1 (use -v to see invocation)

    "g++"  -o "bin.v2/standalone/ac/darwin-4.2.1/release/threading-multi/visibility-hidden/libzstd" "bin.v2/standalone/ac/darwin-4.2.1/release/threading-multi/visibility-hidden/main-libzstd.o"   -llibzstd    -fPIC -m64 -fvisibility=hidden -fvisibility-inlines-hidden -Wl,-dead_strip -no_dead_strip_inits_and_terms -arch x86_64 
       

...failed darwin.link bin.v2/standalone/ac/darwin-4.2.1/release/threading-multi/visibility-hidden/libzstd...
...failed updating 1 target...
...updated 2 targets...
...found 5 targets...
...updating 3 targets...
darwin.compile.c++ bin.v2/standalone/ac/darwin-4.2.1/release/threading-multi/visibility-hidden/main-libzstd_static.o
darwin.link bin.v2/standalone/ac/darwin-4.2.1/release/threading-multi/visibility-hidden/libzstd_static
ld: library not found for -llibzstd_static
clang: error: linker command failed with exit code 1 (use -v to see invocation)

    "g++"  -o "bin.v2/standalone/ac/darwin-4.2.1/release/threading-multi/visibility-hidden/libzstd_static" "bin.v2/standalone/ac/darwin-4.2.1/release/threading-multi/visibility-hidden/main-libzstd_static.o"   -llibzstd_static    -fPIC -m64 -fvisibility=hidden -fvisibility-inlines-hidden -Wl,-dead_strip -no_dead_strip_inits_and_terms -arch x86_64 
       

...failed darwin.link bin.v2/standalone/ac/darwin-4.2.1/release/threading-multi/visibility-hidden/libzstd_static...
...failed updating 1 target...
...updated 2 targets...
...found 5 targets...
...updating 5 targets...
darwin.compile.c++ bin.v2/standalone/ac/darwin-4.2.1/release/link-static/threading-multi/visibility-hidden/main-zstd.o
darwin.link bin.v2/standalone/ac/darwin-4.2.1/release/link-static/threading-multi/visibility-hidden/zstd
ld: library not found for -lzstd
clang: error: linker command failed with exit code 1 (use -v to see invocation)

    "g++"  -o "bin.v2/standalone/ac/darwin-4.2.1/release/link-static/threading-multi/visibility-hidden/zstd" "bin.v2/standalone/ac/darwin-4.2.1/release/link-static/threading-multi/visibility-hidden/main-zstd.o"    -lzstd   -m64 -fvisibility=hidden -fvisibility-inlines-hidden -Wl,-dead_strip -no_dead_strip_inits_and_terms -arch x86_64 
       

...failed darwin.link bin.v2/standalone/ac/darwin-4.2.1/release/link-static/threading-multi/visibility-hidden/zstd...
...failed updating 1 target...
...updated 4 targets...
...found 2 targets...
...updating 2 targets...
darwin.compile.c++ bin.v2/standalone/ac/darwin-4.2.1/release/link-static/threading-multi/visibility-hidden/main-zstd_static.o
darwin.link bin.v2/standalone/ac/darwin-4.2.1/release/link-static/threading-multi/visibility-hidden/zstd_static
ld: library not found for -lzstd_static
clang: error: linker command failed with exit code 1 (use -v to see invocation)

    "g++"  -o "bin.v2/standalone/ac/darwin-4.2.1/release/link-static/threading-multi/visibility-hidden/zstd_static" "bin.v2/standalone/ac/darwin-4.2.1/release/link-static/threading-multi/visibility-hidden/main-zstd_static.o"    -lzstd_static   -m64 -fvisibility=hidden -fvisibility-inlines-hidden -Wl,-dead_strip -no_dead_strip_inits_and_terms -arch x86_64 
       

...failed darwin.link bin.v2/standalone/ac/darwin-4.2.1/release/link-static/threading-multi/visibility-hidden/zstd_static...
...failed updating 1 target...
...updated 1 target...
...found 2 targets...
...updating 2 targets...
darwin.compile.c++ bin.v2/standalone/ac/darwin-4.2.1/release/link-static/threading-multi/visibility-hidden/main-libzstd.o
darwin.link bin.v2/standalone/ac/darwin-4.2.1/release/link-static/threading-multi/visibility-hidden/libzstd
ld: library not found for -llibzstd
clang: error: linker command failed with exit code 1 (use -v to see invocation)

    "g++"  -o "bin.v2/standalone/ac/darwin-4.2.1/release/link-static/threading-multi/visibility-hidden/libzstd" "bin.v2/standalone/ac/darwin-4.2.1/release/link-static/threading-multi/visibility-hidden/main-libzstd.o"    -llibzstd   -m64 -fvisibility=hidden -fvisibility-inlines-hidden -Wl,-dead_strip -no_dead_strip_inits_and_terms -arch x86_64 
       

...failed darwin.link bin.v2/standalone/ac/darwin-4.2.1/release/link-static/threading-multi/visibility-hidden/libzstd...
...failed updating 1 target...
...updated 1 target...
...found 2 targets...
...updating 2 targets...
darwin.compile.c++ bin.v2/standalone/ac/darwin-4.2.1/release/link-static/threading-multi/visibility-hidden/main-libzstd_static.o
darwin.link bin.v2/standalone/ac/darwin-4.2.1/release/link-static/threading-multi/visibility-hidden/libzstd_static
ld: library not found for -llibzstd_static
clang: error: linker command failed with exit code 1 (use -v to see invocation)

    "g++"  -o "bin.v2/standalone/ac/darwin-4.2.1/release/link-static/threading-multi/visibility-hidden/libzstd_static" "bin.v2/standalone/ac/darwin-4.2.1/release/link-static/threading-multi/visibility-hidden/main-libzstd_static.o"    -llibzstd_static   -m64 -fvisibility=hidden -fvisibility-inlines-hidden -Wl,-dead_strip -no_dead_strip_inits_and_terms -arch x86_64 
       

...failed darwin.link bin.v2/standalone/ac/darwin-4.2.1/release/link-static/threading-multi/visibility-hidden/libzstd_static...
...failed updating 1 target...
...updated 1 target...
...found 10 targets...
...updating 8 targets...
darwin.compile.c++ bin.v2/libs/locale/build/darwin-4.2.1/debug/threading-multi/visibility-hidden/has_iconv_libc_obj.o
darwin.link bin.v2/libs/locale/build/darwin-4.2.1/debug/threading-multi/visibility-hidden/has_iconv
Undefined symbols for architecture x86_64:
  "_iconv_open", referenced from:
      _main in has_iconv_libc_obj.o
ld: symbol(s) not found for architecture x86_64
clang: error: linker command failed with exit code 1 (use -v to see invocation)

    "g++"  -o "bin.v2/libs/locale/build/darwin-4.2.1/debug/threading-multi/visibility-hidden/has_iconv" "bin.v2/libs/locale/build/darwin-4.2.1/debug/threading-multi/visibility-hidden/has_iconv_libc_obj.o"       -fPIC -m64 -g -fvisibility=hidden -fvisibility-inlines-hidden -arch x86_64 
       

...failed darwin.link bin.v2/libs/locale/build/darwin-4.2.1/debug/threading-multi/visibility-hidden/has_iconv...
...failed updating 1 target...
...updated 7 targets...
...found 2 targets...
...updating 2 targets...
darwin.compile.c++ bin.v2/libs/locale/build/darwin-4.2.1/debug/threading-multi/visibility-hidden/has_iconv_libc_ext.o
darwin.link bin.v2/libs/locale/build/darwin-4.2.1/debug/threading-multi/visibility-hidden/has_external_iconv
...updated 2 targets...
...found 4 targets...
...updating 2 targets...
darwin.compile.c++ bin.v2/libs/locale/build/darwin-4.2.1/debug/threading-multi/visibility-hidden/has_icu_obj.o
libs/locale/src/../build/has_icu_test.cpp:12:10: fatal error: 'unicode/uversion.h' file not found
#include <unicode/uversion.h>
         ^~~~~~~~~~~~~~~~~~~~
1 error generated.

    "g++"   -fvisibility-inlines-hidden -fPIC -m64 -O0 -fno-inline -Wall -g -fvisibility=hidden -dynamic -gdwarf-2 -fexceptions  -DBOOST_ALL_NO_LIB=1  -I"." -c -o "bin.v2/libs/locale/build/darwin-4.2.1/debug/threading-multi/visibility-hidden/has_icu_obj.o" "libs/locale/src/../build/has_icu_test.cpp"

...failed darwin.compile.c++ bin.v2/libs/locale/build/darwin-4.2.1/debug/threading-multi/visibility-hidden/has_icu_obj.o...
...skipped <pbin.v2/libs/locale/build/darwin-4.2.1/debug/threading-multi/visibility-hidden>has_icu for lack of <pbin.v2/libs/locale/build/darwin-4.2.1/debug/threading-multi/visibility-hidden>has_icu_obj.o...
...failed updating 1 target...
...skipped 1 target...
...found 2 targets...
...updating 2 targets...
darwin.compile.c++ bin.v2/libs/locale/build/darwin-4.2.1/debug/threading-multi/visibility-hidden/has_icu64_obj.o
libs/locale/src/../build/has_icu_test.cpp:12:10: fatal error: 'unicode/uversion.h' file not found
#include <unicode/uversion.h>
         ^~~~~~~~~~~~~~~~~~~~
1 error generated.

    "g++"   -fvisibility-inlines-hidden -fPIC -m64 -O0 -fno-inline -Wall -g -fvisibility=hidden -dynamic -gdwarf-2 -fexceptions  -DBOOST_ALL_NO_LIB=1  -I"." -c -o "bin.v2/libs/locale/build/darwin-4.2.1/debug/threading-multi/visibility-hidden/has_icu64_obj.o" "libs/locale/src/../build/has_icu_test.cpp"

...failed darwin.compile.c++ bin.v2/libs/locale/build/darwin-4.2.1/debug/threading-multi/visibility-hidden/has_icu64_obj.o...
...skipped <pbin.v2/libs/locale/build/darwin-4.2.1/debug/threading-multi/visibility-hidden>has_icu64 for lack of <pbin.v2/libs/locale/build/darwin-4.2.1/debug/threading-multi/visibility-hidden>has_icu64_obj.o...
...failed updating 1 target...
...skipped 1 target...
...found 11 targets...
...updating 9 targets...
darwin.compile.c++ bin.v2/libs/log/config/atomic-int32/darwin-4.2.1/debug/pch-off/threading-multi/visibility-hidden/atomic_int32.o
...updated 9 targets...
...found 9 targets...
...updating 7 targets...
darwin.compile.c++ bin.v2/libs/log/config/native-syslog/darwin-4.2.1/debug/pch-off/threading-multi/visibility-hidden/native_syslog.o
...updated 7 targets...
...found 8 targets...
...updating 7 targets...
darwin.compile.c++ bin.v2/libs/log/config/pthread-mutex-robust/darwin-4.2.1/debug/pch-off/threading-multi/visibility-hidden/pthread_mutex_robust.o
libs/log/config/pthread-mutex-robust/pthread_mutex_robust.cpp:17:40: error: use of undeclared identifier 'PTHREAD_MUTEX_ROBUST'
    pthread_mutexattr_setrobust(&attr, PTHREAD_MUTEX_ROBUST);
                                       ^
libs/log/config/pthread-mutex-robust/pthread_mutex_robust.cpp:26:15: error: use of undeclared identifier 'pthread_mutex_consistent'; did you mean 'pthread_mutex_destroy'?
        err = pthread_mutex_consistent(&m);
              ^~~~~~~~~~~~~~~~~~~~~~~~
              pthread_mutex_destroy
/Applications/Xcode.app/Contents/Developer/Platforms/MacOSX.platform/Developer/SDKs/MacOSX10.14.sdk/usr/include/pthread.h:372:5: note: 'pthread_mutex_destroy' declared here
int pthread_mutex_destroy(pthread_mutex_t *);
    ^
2 errors generated.

    "g++"   -fvisibility-inlines-hidden -fPIC -m64 -O0 -fno-inline -Wall -g -fvisibility=hidden -dynamic -gdwarf-2 -fexceptions  -DBOOST_ALL_NO_LIB=1  -I"." -c -o "bin.v2/libs/log/config/pthread-mutex-robust/darwin-4.2.1/debug/pch-off/threading-multi/visibility-hidden/pthread_mutex_robust.o" "libs/log/config/pthread-mutex-robust/pthread_mutex_robust.cpp"

...failed darwin.compile.c++ bin.v2/libs/log/config/pthread-mutex-robust/darwin-4.2.1/debug/pch-off/threading-multi/visibility-hidden/pthread_mutex_robust.o...
...failed updating 1 target...
...updated 6 targets...
...found 9 targets...
...updating 7 targets...
darwin.compile.c++ bin.v2/libs/log/config/x86-ext/darwin-4.2.1/debug/pch-off/threading-multi/visibility-hidden/ssse3.o
...updated 7 targets...
...found 3 targets...
...updating 1 target...
darwin.compile.c++ bin.v2/libs/log/config/x86-ext/darwin-4.2.1/debug/pch-off/threading-multi/visibility-hidden/avx2.o
libs/log/config/x86-ext/avx2.cpp:14:18: error: always_inline function '_mm256_setzero_si256' requires target feature 'avx', but would be inlined into function 'main' that is compiled without support for 'avx'
    __m256i mm = _mm256_setzero_si256();
                 ^
libs/log/config/x86-ext/avx2.cpp:16:10: error: always_inline function '_mm256_shuffle_epi8' requires target feature 'avx2', but would be inlined into function 'main' that is compiled without support for 'avx2'
    mm = _mm256_shuffle_epi8(_mm256_alignr_epi8(mm, mm, 10), mm);
         ^
libs/log/config/x86-ext/avx2.cpp:16:30: error: '__builtin_ia32_palignr256' needs target feature avx2
    mm = _mm256_shuffle_epi8(_mm256_alignr_epi8(mm, mm, 10), mm);
                             ^
/Applications/Xcode.app/Contents/Developer/Toolchains/XcodeDefault.xctoolchain/usr/lib/clang/10.0.1/include/avx2intrin.h:131:12: note: expanded from macro '_mm256_alignr_epi8'
  (__m256i)__builtin_ia32_palignr256((__v32qi)(__m256i)(a), \
           ^
libs/log/config/x86-ext/avx2.cpp:18:5: error: always_inline function '_mm256_zeroupper' requires target feature 'avx', but would be inlined into function 'main' that is compiled without support for 'avx'
    _mm256_zeroupper();
    ^
4 errors generated.

    "g++"   -fvisibility-inlines-hidden -fPIC -m64 -O0 -fno-inline -Wall -g -fvisibility=hidden -dynamic -gdwarf-2 -fexceptions  -DBOOST_ALL_NO_LIB=1  -I"." -c -o "bin.v2/libs/log/config/x86-ext/darwin-4.2.1/debug/pch-off/threading-multi/visibility-hidden/avx2.o" "libs/log/config/x86-ext/avx2.cpp"

...failed darwin.compile.c++ bin.v2/libs/log/config/x86-ext/darwin-4.2.1/debug/pch-off/threading-multi/visibility-hidden/avx2.o...
...failed updating 1 target...
...found 8 targets...
...updating 7 targets...
darwin.compile.c++ bin.v2/libs/math/config/darwin-4.2.1/debug/threading-multi/visibility-hidden/has_gcc_visibility.o
...updated 7 targets...
...found 21 targets...
...updating 1 target...
darwin.compile.c++ bin.v2/libs/math/config/darwin-4.2.1/debug/threading-multi/visibility-hidden/has_long_double_support.o
...updated 1 target...
...found 12 targets...
...updating 9 targets...
darwin.compile.c++ bin.v2/libs/stacktrace/build/darwin-4.2.1/debug/threading-multi/visibility-hidden/has_backtrace.o
libs/stacktrace/build/has_backtrace.cpp:7:10: fatal error: 'backtrace.h' file not found
#include <backtrace.h>
         ^~~~~~~~~~~~~
1 error generated.

    "g++"   -fvisibility-inlines-hidden -fPIC -m64 -O0 -fno-inline -Wall -g -fvisibility=hidden -dynamic -gdwarf-2 -fexceptions  -DBOOST_ALL_NO_LIB=1  -I"." -c -o "bin.v2/libs/stacktrace/build/darwin-4.2.1/debug/threading-multi/visibility-hidden/has_backtrace.o" "libs/stacktrace/build/has_backtrace.cpp"

...failed darwin.compile.c++ bin.v2/libs/stacktrace/build/darwin-4.2.1/debug/threading-multi/visibility-hidden/has_backtrace.o...
...skipped <pbin.v2/libs/stacktrace/build/darwin-4.2.1/debug/threading-multi/visibility-hidden>libbacktrace_exe for lack of <pbin.v2/libs/stacktrace/build/darwin-4.2.1/debug/threading-multi/visibility-hidden>has_backtrace.o...
...skipped <pbin.v2/libs/stacktrace/build/darwin-4.2.1/debug/threading-multi/visibility-hidden>libbacktrace.output for lack of <pbin.v2/libs/stacktrace/build/darwin-4.2.1/debug/threading-multi/visibility-hidden>libbacktrace_exe...
...failed updating 1 target...
...skipped 2 targets...
...updated 6 targets...
...found 5 targets...
...updating 3 targets...
darwin.compile.c++ bin.v2/libs/stacktrace/build/darwin-4.2.1/debug/threading-multi/visibility-hidden/has_addr2line.o
darwin.link bin.v2/libs/stacktrace/build/darwin-4.2.1/debug/threading-multi/visibility-hidden/addr2line_exe
Jamfile</Users/mac/Documents/GitHub/AlgorithmLearn/boost_1_70_0/libs/stacktrace/build>.mp_simple_run_action bin.v2/libs/stacktrace/build/darwin-4.2.1/debug/threading-multi/visibility-hidden/addr2line.output
sh: /usr/bin/addr2line: No such file or directory
...updated 3 targets...
...found 6 targets...
...updating 3 targets...
darwin.compile.c++ bin.v2/libs/stacktrace/build/darwin-4.2.1/debug/threading-multi/visibility-hidden/has_windbg.o
libs/stacktrace/build/has_windbg.cpp:8:10: fatal error: 'windows.h' file not found
#include <windows.h>
         ^~~~~~~~~~~
1 error generated.

    "g++"   -fvisibility-inlines-hidden -fPIC -m64 -O0 -fno-inline -Wall -g -fvisibility=hidden -dynamic -gdwarf-2 -fexceptions  -DBOOST_ALL_NO_LIB=1  -I"." -c -o "bin.v2/libs/stacktrace/build/darwin-4.2.1/debug/threading-multi/visibility-hidden/has_windbg.o" "libs/stacktrace/build/has_windbg.cpp"

...failed darwin.compile.c++ bin.v2/libs/stacktrace/build/darwin-4.2.1/debug/threading-multi/visibility-hidden/has_windbg.o...
...skipped <pbin.v2/libs/stacktrace/build/darwin-4.2.1/debug/threading-multi/visibility-hidden>WinDbg_exe for lack of <pbin.v2/libs/stacktrace/build/darwin-4.2.1/debug/threading-multi/visibility-hidden>has_windbg.o...
...skipped <pbin.v2/libs/stacktrace/build/darwin-4.2.1/debug/threading-multi/visibility-hidden>WinDbg.output for lack of <pbin.v2/libs/stacktrace/build/darwin-4.2.1/debug/threading-multi/visibility-hidden>WinDbg_exe...
...failed updating 1 target...
...skipped 2 targets...
...found 4 targets...
...updating 3 targets...
darwin.compile.c++ bin.v2/libs/stacktrace/build/darwin-4.2.1/debug/threading-multi/visibility-hidden/has_windbg_cached.o
libs/stacktrace/build/has_windbg_cached.cpp:11:10: fatal error: 'windows.h' file not found
#include <windows.h>
         ^~~~~~~~~~~
1 error generated.

    "g++"   -fvisibility-inlines-hidden -fPIC -m64 -O0 -fno-inline -Wall -g -fvisibility=hidden -dynamic -gdwarf-2 -fexceptions  -DBOOST_ALL_NO_LIB=1  -I"." -c -o "bin.v2/libs/stacktrace/build/darwin-4.2.1/debug/threading-multi/visibility-hidden/has_windbg_cached.o" "libs/stacktrace/build/has_windbg_cached.cpp"

...failed darwin.compile.c++ bin.v2/libs/stacktrace/build/darwin-4.2.1/debug/threading-multi/visibility-hidden/has_windbg_cached.o...
...skipped <pbin.v2/libs/stacktrace/build/darwin-4.2.1/debug/threading-multi/visibility-hidden>WinDbgCached_exe for lack of <pbin.v2/libs/stacktrace/build/darwin-4.2.1/debug/threading-multi/visibility-hidden>has_windbg_cached.o...
...skipped <pbin.v2/libs/stacktrace/build/darwin-4.2.1/debug/threading-multi/visibility-hidden>WinDbgCached.output for lack of <pbin.v2/libs/stacktrace/build/darwin-4.2.1/debug/threading-multi/visibility-hidden>WinDbgCached_exe...
...failed updating 1 target...
...skipped 2 targets...
...found 164 targets...
...updating 7 targets...
darwin.compile.c++ bin.v2/check/predef/darwin-4.2.1/debug/address-model-64/architecture-x86/predef_check_cc_09a06289f4560e2f553bb0cbbec71436.o
In file included from /Users/mac/Documents/GitHub/AlgorithmLearn/boost_1_70_0/libs/predef/tools/check/predef_check_cc_as_cpp.cpp:7:
/Users/mac/Documents/GitHub/AlgorithmLearn/boost_1_70_0/libs/predef/tools/check/predef_check_cc.h:7:10: fatal error: 'boost/predef.h' file not found
#include <boost/predef.h>
         ^~~~~~~~~~~~~~~~
1 error generated.

    "g++"   -fPIC -m64 -O0 -fno-inline -Wall -g -dynamic -gdwarf-2 -fexceptions  -DCHECK="BOOST_COMP_GNUC >= BOOST_VERSION_NUMBER(4,3,0)"  -I"/Users/mac/Documents/GitHub/AlgorithmLearn/boost_1_70_0/libs/predef/include" -c -o "bin.v2/check/predef/darwin-4.2.1/debug/address-model-64/architecture-x86/predef_check_cc_09a06289f4560e2f553bb0cbbec71436.o" "/Users/mac/Documents/GitHub/AlgorithmLearn/boost_1_70_0/libs/predef/tools/check/predef_check_cc_as_cpp.cpp"

...failed darwin.compile.c++ bin.v2/check/predef/darwin-4.2.1/debug/address-model-64/architecture-x86/predef_check_cc_09a06289f4560e2f553bb0cbbec71436.o...
...failed updating 1 target...
...updated 6 targets...
...found 1 target...
...updating 1 target...
darwin.compile.c++ bin.v2/standalone/ac/darwin-4.2.1/release/link-static/threading-multi/visibility-hidden/zlib_h.o
...updated 1 target...
...found 2 targets...
...updating 2 targets...
darwin.compile.c++ bin.v2/standalone/ac/darwin-4.2.1/release/link-static/threading-multi/visibility-hidden/main-z.o
darwin.link bin.v2/standalone/ac/darwin-4.2.1/release/link-static/threading-multi/visibility-hidden/z
...updated 2 targets...
...found 1 target...
...updating 1 target...
darwin.compile.c++ bin.v2/standalone/ac/darwin-4.2.1/release/link-static/threading-multi/visibility-hidden/bzlib_h.o
...updated 1 target...
...found 2 targets...
...updating 2 targets...
darwin.compile.c++ bin.v2/standalone/ac/darwin-4.2.1/release/link-static/threading-multi/visibility-hidden/main-bz2.o
darwin.link bin.v2/standalone/ac/darwin-4.2.1/release/link-static/threading-multi/visibility-hidden/bz2
...updated 2 targets...
...found 1 target...
...updating 1 target...
darwin.compile.c++ bin.v2/standalone/ac/darwin-4.2.1/release/link-static/threading-multi/visibility-hidden/lzma_h.o
...updated 1 target...
...found 2 targets...
...updating 2 targets...
darwin.compile.c++ bin.v2/standalone/ac/darwin-4.2.1/release/link-static/threading-multi/visibility-hidden/main-lzma.o
darwin.link bin.v2/standalone/ac/darwin-4.2.1/release/link-static/threading-multi/visibility-hidden/lzma
...updated 2 targets...
...found 1 target...
...updating 1 target...
darwin.compile.c++ bin.v2/standalone/ac/darwin-4.2.1/release/link-static/threading-multi/visibility-hidden/zstd_h.o
bin.v2/standalone/ac/zstd_h.cpp:1:10: fatal error: 'zstd.h' file not found
#include <zstd.h>
         ^~~~~~~~
1 error generated.

    "g++"   -fvisibility-inlines-hidden -m64 -O3 -Wall -fvisibility=hidden -gdwarf-2 -fexceptions -Wno-inline  -DNDEBUG   -c -o "bin.v2/standalone/ac/darwin-4.2.1/release/link-static/threading-multi/visibility-hidden/zstd_h.o" "bin.v2/standalone/ac/zstd_h.cpp"

...failed darwin.compile.c++ bin.v2/standalone/ac/darwin-4.2.1/release/link-static/threading-multi/visibility-hidden/zstd_h.o...
...failed updating 1 target...
...found 1 target...
...updating 1 target...
config-cache.write bin.v2/project-cache.jam
...updated 1 target...
